<?xml version="1.0" encoding="UTF-8"?>
<!-- Generated by org.testng.reporters.JUnitReportReporter -->
<testsuite hostname="LAPTOP-O3NI4730" failures="0" tests="1" name="trade.scenario1" time="28.712" errors="0" timestamp="2023-06-24T12:42:37 IST" skipped="0">
  <testcase classname="trade.scenario1" name="fetchtradevalue" time="28.712"/>
  <system-out/>
</testsuite> <!-- trade.scenario1 -->
